2023-08-06 08:17:22.863336 - Initialized conversion of CBT895
2023-08-06 08:17:23.069443 - Received CBT.V505.FILE895.PDS from FILE895.XMI 
2023-08-06 08:17:23.071753 - Found $$$#DATE.txt (text/plain) in CBT.V505.FILE895.PDS, moved to PDS/$$$#DATE
2023-08-06 08:17:23.073281 - Found $$NOTE01.txt (text/plain) in CBT.V505.FILE895.PDS, moved to PDS/$$NOTE01
2023-08-06 08:17:23.074209 - Found $$NOTE02.txt (text/plain) in CBT.V505.FILE895.PDS, moved to PDS/$$NOTE02
2023-08-06 08:17:23.075139 - Found $$NOTE03.txt (text/plain) in CBT.V505.FILE895.PDS, moved to PDS/$$NOTE03
2023-08-06 08:17:23.076204 - Found @FILE895.txt (text/plain) in CBT.V505.FILE895.PDS, moved to PDS/@FILE895
2023-08-06 08:17:23.077132 - Found ALOCHELP.rexx (text/plain) in CBT.V505.FILE895.PDS, moved to PDS/ALOCHELP
2023-08-06 08:17:23.078211 - Found ALOCPROC.rexx (text/plain) in CBT.V505.FILE895.PDS, moved to PDS/ALOCPROC
2023-08-06 08:17:23.079171 - Found CICSSUBS.rexx (text/plain) in CBT.V505.FILE895.PDS, moved to PDS/CICSSUBS
2023-08-06 08:17:23.080056 - Found DSL.rexx (text/plain) in CBT.V505.FILE895.PDS, moved to PDS/DSL
2023-08-06 08:17:23.080887 - Found ILIBS.rexx (text/plain) in CBT.V505.FILE895.PDS, moved to PDS/ILIBS
2023-08-06 08:17:23.081757 - Found IMSSUBS.rexx (text/plain) in CBT.V505.FILE895.PDS, moved to PDS/IMSSUBS
2023-08-06 08:17:23.082653 - Found IS.txt (text/plain) in CBT.V505.FILE895.PDS, moved to PDS/IS
2023-08-06 08:17:23.083542 - Found MQSUBS.rexx (text/plain) in CBT.V505.FILE895.PDS, moved to PDS/MQSUBS
2023-08-06 08:17:23.084379 - Found OLDS.rexx (text/plain) in CBT.V505.FILE895.PDS, moved to PDS/OLDS
2023-08-06 08:17:23.085272 - Found RNREPEAP.txt (text/plain) in CBT.V505.FILE895.PDS, moved to PDS/RNREPEAP
2023-08-06 08:17:23.086207 - Found RNREPEAT.rexx (text/plain) in CBT.V505.FILE895.PDS, moved to PDS/RNREPEAT
2023-08-06 08:17:23.087050 - Found STEMEDID.txt (text/plain) in CBT.V505.FILE895.PDS, moved to PDS/STEMEDID
2023-08-06 08:17:23.087863 - Found STEMEDIH.txt (text/plain) in CBT.V505.FILE895.PDS, moved to PDS/STEMEDIH
2023-08-06 08:17:23.088733 - Found STEMEDIT.jcl (text/plain) in CBT.V505.FILE895.PDS, moved to PDS/STEMEDIT
2023-08-06 08:17:23.089587 - Found STEMEMCB.rexx (text/plain) in CBT.V505.FILE895.PDS, moved to PDS/STEMEMCB
2023-08-06 08:17:23.090411 - Found STEMEMCE.rexx (text/plain) in CBT.V505.FILE895.PDS, moved to PDS/STEMEMCE
2023-08-06 08:17:23.091218 - Found STEMOUT.jcl (text/plain) in CBT.V505.FILE895.PDS, moved to PDS/STEMOUT
2023-08-06 08:17:23.092009 - Found TALLY.rexx (text/plain) in CBT.V505.FILE895.PDS, moved to PDS/TALLY
2023-08-06 08:17:23.106937 - Found TSOHELP.xmi (application/xmit) in CBT.V505.FILE895.PDS
2023-08-06 08:17:23.110689   - Received to CBT895/LIONEL.HELP
